 - 1 - 99 - 2147483647
 - 2 - 198 - 0
 - 1 - 99 - 2147483647
 - 3 - 1 - 197
 - 1 - 99 - 2147483647
 - 2 - 198 - 0
 - 4 - 2 - 0
 - 1 - 99 - 2147483647
 - 2 - 198 - 0
 - 1 - 99 - 2147483647
 - 3 - 1 - 197
 - 5 - 99 - 99
 - 1 - 99 - 2147483647
 - 2 - 198 - 0
 - 1 - 99 - 2147483647
 - 3 - 1 - 197
 - 1 - 99 - 2147483647
 - 2 - 198 - 0
 - 4 - 2 - 0
 - 6 - 198 - 0
 - 1 - 99 - 2147483647
 - 2 - 198 - 0
 - 1 - 99 - 2147483647
 - 3 - 1 - 197
 - 1 - 99 - 2147483647
 - 2 - 198 - 0
 - 4 - 2 - 0
 - 1 - 99 - 2147483647
 - 2 - 198 - 0
 - 1 - 99 - 2147483647
 - 3 - 1 - 197
 - 5 - 99 - 99
 - 7 - 0 - 198
 - 1 - 99 - 2147483647
 - 2 - 198 - 0
 - 1 - 99 - 2147483647
 - 3 - 1 - 197
 - 1 - 99 - 2147483647
 - 2 - 198 - 0
 - 4 - 2 - 0
 - 1 - 99 - 2147483647
 - 2 - 198 - 0
 - 1 - 99 - 2147483647
 - 3 - 1 - 197
 - 5 - 99 - 99
 - 1 - 99 - 2147483647
 - 2 - 198 - 0
 - 1 - 99 - 2147483647
 - 3 - 1 - 197
 - 1 - 99 - 2147483647
 - 2 - 198 - 0
 - 4 - 2 - 0
 - 6 - 198 - 0
 - 8 - 99 - 99
 - 1 - 99 - 2147483647
 - 2 - 198 - 0
 - 1 - 99 - 2147483647
 - 3 - 1 - 197
 - 1 - 99 - 2147483647
 - 2 - 198 - 0
 - 4 - 2 - 0
 - 1 - 99 - 2147483647
 - 2 - 198 - 0
 - 1 - 99 - 2147483647
 - 3 - 1 - 197
 - 5 - 99 - 99
 - 1 - 99 - 2147483647
 - 2 - 198 - 0
 - 1 - 99 - 2147483647
 - 3 - 1 - 197
 - 1 - 99 - 2147483647
 - 2 - 198 - 0
 - 4 - 2 - 0
 - 6 - 198 - 0
 - 1 - 99 - 2147483647
 - 2 - 198 - 0
 - 1 - 99 - 2147483647
 - 3 - 1 - 197
 - 1 - 99 - 2147483647
 - 2 - 198 - 0
 - 4 - 2 - 0
 - 1 - 99 - 2147483647
 - 2 - 198 - 0
 - 1 - 99 - 2147483647
 - 3 - 1 - 197
 - 5 - 99 - 99
 - 7 - 0 - 198
 - 9 - 198 - 0
0